<?xml version="1.0" encoding="UTF-8"?>
<!-- Generated by org.testng.reporters.JUnitXMLReporter -->
<testsuite hostname="OSIT-L-0463" ignored="0" name="Default test" tests="12" failures="0" timestamp="21 Feb 2017 12:51:44 GMT" time="1.828" errors="0">
  <testcase name="createLeadTest" time="0.009" classname="com.zoho.dfwork.testcases.LeadTest"/>
  <testcase name="createLeadTest" time="0.002" classname="com.zoho.dfwork.testcases.LeadTest"/>
  <testcase name="createLeadTest" time="0.001" classname="com.zoho.dfwork.testcases.LeadTest"/>
  <testcase name="createLeadTest" time="0.002" classname="com.zoho.dfwork.testcases.LeadTest"/>
  <testcase name="convertLeadTest" time="0.001" classname="com.zoho.dfwork.testcases.LeadTest"/>
  <testcase name="convertLeadTest" time="0.002" classname="com.zoho.dfwork.testcases.LeadTest"/>
  <testcase name="convertLeadTest" time="0.001" classname="com.zoho.dfwork.testcases.LeadTest"/>
  <testcase name="convertLeadTest" time="0.004" classname="com.zoho.dfwork.testcases.LeadTest"/>
  <testcase name="deleteLeadAccountTest" time="0.001" classname="com.zoho.dfwork.testcases.LeadTest"/>
  <testcase name="deleteLeadAccountTest" time="0.001" classname="com.zoho.dfwork.testcases.LeadTest"/>
  <testcase name="deleteLeadAccountTest" time="0.001" classname="com.zoho.dfwork.testcases.LeadTest"/>
  <testcase name="deleteLeadAccountTest" time="0.001" classname="com.zoho.dfwork.testcases.LeadTest"/>
</testsuite> <!-- Default test -->
